# Logfile created on 2010-07-02 13:50:20 +0800/!\ FAILSAFE /!\  2010-07-04 22:40:40 +0800
  Status: 500 Internal Server Error
  Can't connect to local MySQL server through socket '/var/run/mysqld/mysqld.sock' (2)
    /usr/lib/ruby/gems/1.9.1/gems/activerecord-2.3.8/lib/active_record/connection_adapters/mysql_adapter.rb:619:in `real_connect'
    /usr/lib/ruby/gems/1.9.1/gems/activerecord-2.3.8/lib/active_record/connection_adapters/mysql_adapter.rb:619:in `connect'
    /usr/lib/ruby/gems/1.9.1/gems/activerecord-2.3.8/lib/active_record/connection_adapters/mysql_adapter.rb:203:in `initialize'
    /usr/lib/ruby/gems/1.9.1/gems/activerecord-2.3.8/lib/active_record/connection_adapters/mysql_adapter.rb:75:in `new'
    /usr/lib/ruby/gems/1.9.1/gems/activerecord-2.3.8/lib/active_record/connection_adapters/mysql_adapter.rb:75:in `mysql_connection'
    /usr/lib/ruby/gems/1.9.1/gems/activerecord-2.3.8/lib/active_record/connection_adapters/abstract/connection_pool.rb:223:in `new_connection'
    /usr/lib/ruby/gems/1.9.1/gems/activerecord-2.3.8/lib/active_record/connection_adapters/abstract/connection_pool.rb:245:in `checkout_new_connection'
    /usr/lib/ruby/gems/1.9.1/gems/activerecord-2.3.8/lib/active_record/connection_adapters/abstract/connection_pool.rb:188:in `block (2 levels) in checkout'
    /usr/lib/ruby/gems/1.9.1/gems/activerecord-2.3.8/lib/active_record/connection_adapters/abstract/connection_pool.rb:184:in `loop'
    /usr/lib/ruby/gems/1.9.1/gems/activerecord-2.3.8/lib/active_record/connection_adapters/abstract/connection_pool.rb:184:in `block in checkout'
    /usr/lib/ruby/1.9.1/monitor.rb:190:in `mon_synchronize'
    /usr/lib/ruby/gems/1.9.1/gems/activerecord-2.3.8/lib/active_record/connection_adapters/abstract/connection_pool.rb:183:in `checkout'
    /usr/lib/ruby/gems/1.9.1/gems/activerecord-2.3.8/lib/active_record/connection_adapters/abstract/connection_pool.rb:98:in `connection'
    /usr/lib/ruby/gems/1.9.1/gems/activerecord-2.3.8/lib/active_record/connection_adapters/abstract/connection_pool.rb:326:in `retrieve_connection'
    /usr/lib/ruby/gems/1.9.1/gems/activerecord-2.3.8/lib/active_record/connection_adapters/abstract/connection_specification.rb:123:in `retrieve_connection'
    /usr/lib/ruby/gems/1.9.1/gems/activerecord-2.3.8/lib/active_record/connection_adapters/abstract/connection_specification.rb:115:in `connection'
    /usr/lib/ruby/gems/1.9.1/gems/activerecord-2.3.8/lib/active_record/query_cache.rb:9:in `cache'
    /usr/lib/ruby/gems/1.9.1/gems/activerecord-2.3.8/lib/active_record/query_cache.rb:28:in `call'
    /usr/lib/ruby/gems/1.9.1/gems/activerecord-2.3.8/lib/active_record/connection_adapters/abstract/connection_pool.rb:361:in `call'
    /usr/lib/ruby/gems/1.9.1/gems/actionpack-2.3.8/lib/action_controller/string_coercion.rb:25:in `call'
    /usr/lib/ruby/gems/1.9.1/gems/rack-1.1.0/lib/rack/head.rb:9:in `call'
    /usr/lib/ruby/gems/1.9.1/gems/rack-1.1.0/lib/rack/methodoverride.rb:24:in `call'
    /usr/lib/ruby/gems/1.9.1/gems/actionpack-2.3.8/lib/action_controller/params_parser.rb:15:in `call'
    /usr/lib/ruby/gems/1.9.1/gems/actionpack-2.3.8/lib/action_controller/session/cookie_store.rb:99:in `call'
    /usr/lib/ruby/gems/1.9.1/gems/actionpack-2.3.8/lib/action_controller/failsafe.rb:26:in `call'
    /usr/lib/ruby/gems/1.9.1/gems/rack-1.1.0/lib/rack/lock.rb:11:in `block in call'
    <internal:prelude>:8:in `synchronize'
    /usr/lib/ruby/gems/1.9.1/gems/rack-1.1.0/lib/rack/lock.rb:11:in `call'
    /usr/lib/ruby/gems/1.9.1/gems/actionpack-2.3.8/lib/action_controller/dispatcher.rb:114:in `block in call'
    /usr/lib/ruby/gems/1.9.1/gems/actionpack-2.3.8/lib/action_controller/reloader.rb:34:in `run'
    /usr/lib/ruby/gems/1.9.1/gems/actionpack-2.3.8/lib/action_controller/dispatcher.rb:108:in `call'
    /usr/lib/ruby/gems/1.9.1/gems/rails-2.3.8/lib/rails/rack/static.rb:31:in `call'
    /usr/lib/ruby/gems/1.9.1/gems/rack-1.1.0/lib/rack/urlmap.rb:47:in `block in call'
    /usr/lib/ruby/gems/1.9.1/gems/rack-1.1.0/lib/rack/urlmap.rb:41:in `each'
    /usr/lib/ruby/gems/1.9.1/gems/rack-1.1.0/lib/rack/urlmap.rb:41:in `call'
    /usr/lib/ruby/gems/1.9.1/gems/rails-2.3.8/lib/rails/rack/log_tailer.rb:17:in `call'
    /usr/lib/ruby/gems/1.9.1/gems/rack-1.1.0/lib/rack/content_length.rb:13:in `call'
    /usr/lib/ruby/gems/1.9.1/gems/rack-1.1.0/lib/rack/handler/webrick.rb:48:in `service'
    /usr/lib/ruby/1.9.1/webrick/httpserver.rb:111:in `service'
    /usr/lib/ruby/1.9.1/webrick/httpserver.rb:70:in `run'
    /usr/lib/ruby/1.9.1/webrick/server.rb:183:in `block in start_thread'
/!\ FAILSAFE /!\  2010-07-04 22:40:58 +0800
  Status: 500 Internal Server Error
  Can't connect to local MySQL server through socket '/var/run/mysqld/mysqld.sock' (2)
    /usr/lib/ruby/gems/1.9.1/gems/activerecord-2.3.8/lib/active_record/connection_adapters/mysql_adapter.rb:619:in `real_connect'
    /usr/lib/ruby/gems/1.9.1/gems/activerecord-2.3.8/lib/active_record/connection_adapters/mysql_adapter.rb:619:in `connect'
    /usr/lib/ruby/gems/1.9.1/gems/activerecord-2.3.8/lib/active_record/connection_adapters/mysql_adapter.rb:203:in `initialize'
    /usr/lib/ruby/gems/1.9.1/gems/activerecord-2.3.8/lib/active_record/connection_adapters/mysql_adapter.rb:75:in `new'
    /usr/lib/ruby/gems/1.9.1/gems/activerecord-2.3.8/lib/active_record/connection_adapters/mysql_adapter.rb:75:in `mysql_connection'
    /usr/lib/ruby/gems/1.9.1/gems/activerecord-2.3.8/lib/active_record/connection_adapters/abstract/connection_pool.rb:223:in `new_connection'
    /usr/lib/ruby/gems/1.9.1/gems/activerecord-2.3.8/lib/active_record/connection_adapters/abstract/connection_pool.rb:245:in `checkout_new_connection'
    /usr/lib/ruby/gems/1.9.1/gems/activerecord-2.3.8/lib/active_record/connection_adapters/abstract/connection_pool.rb:188:in `block (2 levels) in checkout'
    /usr/lib/ruby/gems/1.9.1/gems/activerecord-2.3.8/lib/active_record/connection_adapters/abstract/connection_pool.rb:184:in `loop'
    /usr/lib/ruby/gems/1.9.1/gems/activerecord-2.3.8/lib/active_record/connection_adapters/abstract/connection_pool.rb:184:in `block in checkout'
    /usr/lib/ruby/1.9.1/monitor.rb:190:in `mon_synchronize'
    /usr/lib/ruby/gems/1.9.1/gems/activerecord-2.3.8/lib/active_record/connection_adapters/abstract/connection_pool.rb:183:in `checkout'
    /usr/lib/ruby/gems/1.9.1/gems/activerecord-2.3.8/lib/active_record/connection_adapters/abstract/connection_pool.rb:98:in `connection'
    /usr/lib/ruby/gems/1.9.1/gems/activerecord-2.3.8/lib/active_record/connection_adapters/abstract/connection_pool.rb:326:in `retrieve_connection'
    /usr/lib/ruby/gems/1.9.1/gems/activerecord-2.3.8/lib/active_record/connection_adapters/abstract/connection_specification.rb:123:in `retrieve_connection'
    /usr/lib/ruby/gems/1.9.1/gems/activerecord-2.3.8/lib/active_record/connection_adapters/abstract/connection_specification.rb:115:in `connection'
    /usr/lib/ruby/gems/1.9.1/gems/activerecord-2.3.8/lib/active_record/query_cache.rb:9:in `cache'
    /usr/lib/ruby/gems/1.9.1/gems/activerecord-2.3.8/lib/active_record/query_cache.rb:28:in `call'
    /usr/lib/ruby/gems/1.9.1/gems/activerecord-2.3.8/lib/active_record/connection_adapters/abstract/connection_pool.rb:361:in `call'
    /usr/lib/ruby/gems/1.9.1/gems/actionpack-2.3.8/lib/action_controller/string_coercion.rb:25:in `call'
    /usr/lib/ruby/gems/1.9.1/gems/rack-1.1.0/lib/rack/head.rb:9:in `call'
    /usr/lib/ruby/gems/1.9.1/gems/rack-1.1.0/lib/rack/methodoverride.rb:24:in `call'
    /usr/lib/ruby/gems/1.9.1/gems/actionpack-2.3.8/lib/action_controller/params_parser.rb:15:in `call'
    /usr/lib/ruby/gems/1.9.1/gems/actionpack-2.3.8/lib/action_controller/session/cookie_store.rb:99:in `call'
    /usr/lib/ruby/gems/1.9.1/gems/actionpack-2.3.8/lib/action_controller/failsafe.rb:26:in `call'
    /usr/lib/ruby/gems/1.9.1/gems/rack-1.1.0/lib/rack/lock.rb:11:in `block in call'
    <internal:prelude>:8:in `synchronize'
    /usr/lib/ruby/gems/1.9.1/gems/rack-1.1.0/lib/rack/lock.rb:11:in `call'
    /usr/lib/ruby/gems/1.9.1/gems/actionpack-2.3.8/lib/action_controller/dispatcher.rb:114:in `block in call'
    /usr/lib/ruby/gems/1.9.1/gems/actionpack-2.3.8/lib/action_controller/reloader.rb:34:in `run'
    /usr/lib/ruby/gems/1.9.1/gems/actionpack-2.3.8/lib/action_controller/dispatcher.rb:108:in `call'
    /usr/lib/ruby/gems/1.9.1/gems/rails-2.3.8/lib/rails/rack/static.rb:31:in `call'
    /usr/lib/ruby/gems/1.9.1/gems/rack-1.1.0/lib/rack/urlmap.rb:47:in `block in call'
    /usr/lib/ruby/gems/1.9.1/gems/rack-1.1.0/lib/rack/urlmap.rb:41:in `each'
    /usr/lib/ruby/gems/1.9.1/gems/rack-1.1.0/lib/rack/urlmap.rb:41:in `call'
    /usr/lib/ruby/gems/1.9.1/gems/rails-2.3.8/lib/rails/rack/log_tailer.rb:17:in `call'
    /usr/lib/ruby/gems/1.9.1/gems/rack-1.1.0/lib/rack/content_length.rb:13:in `call'
    /usr/lib/ruby/gems/1.9.1/gems/rack-1.1.0/lib/rack/handler/webrick.rb:48:in `service'
    /usr/lib/ruby/1.9.1/webrick/httpserver.rb:111:in `service'
    /usr/lib/ruby/1.9.1/webrick/httpserver.rb:70:in `run'
    /usr/lib/ruby/1.9.1/webrick/server.rb:183:in `block in start_thread'
/!\ FAILSAFE /!\  2010-07-05 14:55:18 +0800
  Status: 500 Internal Server Error
  Can't connect to local MySQL server through socket '/var/run/mysqld/mysqld.sock' (2)
    /usr/lib/ruby/gems/1.9.1/gems/activerecord-2.3.8/lib/active_record/connection_adapters/mysql_adapter.rb:619:in `real_connect'
    /usr/lib/ruby/gems/1.9.1/gems/activerecord-2.3.8/lib/active_record/connection_adapters/mysql_adapter.rb:619:in `connect'
    /usr/lib/ruby/gems/1.9.1/gems/activerecord-2.3.8/lib/active_record/connection_adapters/mysql_adapter.rb:203:in `initialize'
    /usr/lib/ruby/gems/1.9.1/gems/activerecord-2.3.8/lib/active_record/connection_adapters/mysql_adapter.rb:75:in `new'
    /usr/lib/ruby/gems/1.9.1/gems/activerecord-2.3.8/lib/active_record/connection_adapters/mysql_adapter.rb:75:in `mysql_connection'
    /usr/lib/ruby/gems/1.9.1/gems/activerecord-2.3.8/lib/active_record/connection_adapters/abstract/connection_pool.rb:223:in `new_connection'
    /usr/lib/ruby/gems/1.9.1/gems/activerecord-2.3.8/lib/active_record/connection_adapters/abstract/connection_pool.rb:245:in `checkout_new_connection'
    /usr/lib/ruby/gems/1.9.1/gems/activerecord-2.3.8/lib/active_record/connection_adapters/abstract/connection_pool.rb:188:in `block (2 levels) in checkout'
    /usr/lib/ruby/gems/1.9.1/gems/activerecord-2.3.8/lib/active_record/connection_adapters/abstract/connection_pool.rb:184:in `loop'
    /usr/lib/ruby/gems/1.9.1/gems/activerecord-2.3.8/lib/active_record/connection_adapters/abstract/connection_pool.rb:184:in `block in checkout'
    /usr/lib/ruby/1.9.1/monitor.rb:190:in `mon_synchronize'
    /usr/lib/ruby/gems/1.9.1/gems/activerecord-2.3.8/lib/active_record/connection_adapters/abstract/connection_pool.rb:183:in `checkout'
    /usr/lib/ruby/gems/1.9.1/gems/activerecord-2.3.8/lib/active_record/connection_adapters/abstract/connection_pool.rb:98:in `connection'
    /usr/lib/ruby/gems/1.9.1/gems/activerecord-2.3.8/lib/active_record/connection_adapters/abstract/connection_pool.rb:326:in `retrieve_connection'
    /usr/lib/ruby/gems/1.9.1/gems/activerecord-2.3.8/lib/active_record/connection_adapters/abstract/connection_specification.rb:123:in `retrieve_connection'
    /usr/lib/ruby/gems/1.9.1/gems/activerecord-2.3.8/lib/active_record/connection_adapters/abstract/connection_specification.rb:115:in `connection'
    /usr/lib/ruby/gems/1.9.1/gems/activerecord-2.3.8/lib/active_record/query_cache.rb:9:in `cache'
    /usr/lib/ruby/gems/1.9.1/gems/activerecord-2.3.8/lib/active_record/query_cache.rb:28:in `call'
    /usr/lib/ruby/gems/1.9.1/gems/activerecord-2.3.8/lib/active_record/connection_adapters/abstract/connection_pool.rb:361:in `call'
    /usr/lib/ruby/gems/1.9.1/gems/actionpack-2.3.8/lib/action_controller/string_coercion.rb:25:in `call'
    /usr/lib/ruby/gems/1.9.1/gems/rack-1.1.0/lib/rack/head.rb:9:in `call'
    /usr/lib/ruby/gems/1.9.1/gems/rack-1.1.0/lib/rack/methodoverride.rb:24:in `call'
    /usr/lib/ruby/gems/1.9.1/gems/actionpack-2.3.8/lib/action_controller/params_parser.rb:15:in `call'
    /usr/lib/ruby/gems/1.9.1/gems/actionpack-2.3.8/lib/action_controller/session/cookie_store.rb:99:in `call'
    /usr/lib/ruby/gems/1.9.1/gems/actionpack-2.3.8/lib/action_controller/failsafe.rb:26:in `call'
    /usr/lib/ruby/gems/1.9.1/gems/rack-1.1.0/lib/rack/lock.rb:11:in `block in call'
    <internal:prelude>:8:in `synchronize'
    /usr/lib/ruby/gems/1.9.1/gems/rack-1.1.0/lib/rack/lock.rb:11:in `call'
    /usr/lib/ruby/gems/1.9.1/gems/actionpack-2.3.8/lib/action_controller/dispatcher.rb:114:in `block in call'
    /usr/lib/ruby/gems/1.9.1/gems/actionpack-2.3.8/lib/action_controller/reloader.rb:34:in `run'
    /usr/lib/ruby/gems/1.9.1/gems/actionpack-2.3.8/lib/action_controller/dispatcher.rb:108:in `call'
    /usr/lib/ruby/gems/1.9.1/gems/rails-2.3.8/lib/rails/rack/static.rb:31:in `call'
    /usr/lib/ruby/gems/1.9.1/gems/rack-1.1.0/lib/rack/urlmap.rb:47:in `block in call'
    /usr/lib/ruby/gems/1.9.1/gems/rack-1.1.0/lib/rack/urlmap.rb:41:in `each'
    /usr/lib/ruby/gems/1.9.1/gems/rack-1.1.0/lib/rack/urlmap.rb:41:in `call'
    /usr/lib/ruby/gems/1.9.1/gems/rails-2.3.8/lib/rails/rack/log_tailer.rb:17:in `call'
    /usr/lib/ruby/gems/1.9.1/gems/rack-1.1.0/lib/rack/content_length.rb:13:in `call'
    /usr/lib/ruby/gems/1.9.1/gems/rack-1.1.0/lib/rack/handler/webrick.rb:48:in `service'
    /usr/lib/ruby/1.9.1/webrick/httpserver.rb:111:in `service'
    /usr/lib/ruby/1.9.1/webrick/httpserver.rb:70:in `run'
    /usr/lib/ruby/1.9.1/webrick/server.rb:183:in `block in start_thread'
  [4;36;1mSQL (0.1ms)[0m   [0;1mSET NAMES 'utf8'[0m
  [4;35;1mSQL (0.2ms)[0m   [0mSET SQL_AUTO_IS_NULL=0[0m
  [4;36;1mSQL (54.8ms)[0m   [0;1mSHOW TABLES[0m
  [4;35;1mSQL (7.7ms)[0m   [0mSELECT version FROM schema_migrations[0m
Migrating to CreateAnnotations (20100518144453)
  [4;36;1mSQL (0.0ms)[0m   [0;1mMysql::Error: Table 'annotations' already exists: CREATE TABLE `annotations` (`id` int(11) DEFAULT NULL auto_increment PRIMARY KEY, `css_selector` varchar(255), `page_id` int(11), `label_id` int(11), `created_at` datetime, `updated_at` datetime) ENGINE=InnoDB[0m
  [4;36;1mSQL (0.1ms)[0m   [0;1mSET NAMES 'utf8'[0m
  [4;35;1mSQL (0.0ms)[0m   [0mSET SQL_AUTO_IS_NULL=0[0m


Processing AnnotationsController#index (for 127.0.0.1 at 2010-07-05 20:59:00) [GET]
  [4;36;1mAnnotation Load (0.3ms)[0m   [0;1mSELECT * FROM `annotations` [0m
Rendering template within layouts/annotations
Rendering annotations/index
  [4;35;1mAnnotation Columns (0.5ms)[0m   [0mSHOW FIELDS FROM `annotations`[0m
Completed in 133ms (View: 86, DB: 1) | 200 OK [http://localhost/annotations]
  [4;36;1mSQL (0.1ms)[0m   [0;1mSET NAMES 'utf8'[0m
  [4;35;1mSQL (0.0ms)[0m   [0mSET SQL_AUTO_IS_NULL=0[0m


Processing PagesController#index (for 127.0.0.1 at 2010-07-05 20:59:11) [GET]
  [4;36;1mPage Load (0.2ms)[0m   [0;1mSELECT * FROM `pages` [0m
Rendering template within layouts/pages
Rendering pages/index
  [4;35;1mPage Columns (1.0ms)[0m   [0mSHOW FIELDS FROM `pages`[0m
Completed in 103ms (View: 44, DB: 1) | 200 OK [http://localhost/pages]
  [4;36;1mSQL (0.1ms)[0m   [0;1mSET NAMES 'utf8'[0m
  [4;35;1mSQL (0.0ms)[0m   [0mSET SQL_AUTO_IS_NULL=0[0m


Processing PagesController#show (for 127.0.0.1 at 2010-07-05 21:05:06) [GET]
  Parameters: {"id"=>"1"}
  [4;36;1mPage Columns (0.5ms)[0m   [0;1mSHOW FIELDS FROM `pages`[0m
  [4;35;1mPage Load (0.2ms)[0m   [0mSELECT * FROM `pages` WHERE (`pages`.`id` = 1) [0m
Rendering template within layouts/pages
Rendering pages/show
Completed in 12ms (View: 7, DB: 1) | 200 OK [http://localhost/pages/1]
  [4;36;1mSQL (0.1ms)[0m   [0;1mSET NAMES 'utf8'[0m
  [4;35;1mSQL (0.0ms)[0m   [0mSET SQL_AUTO_IS_NULL=0[0m


Processing AnnotationsController#index (for 127.0.0.1 at 2010-07-05 21:05:14) [GET]
  [4;36;1mAnnotation Load (0.2ms)[0m   [0;1mSELECT * FROM `annotations` [0m
Rendering template within layouts/annotations
Rendering annotations/index
  [4;35;1mAnnotation Columns (0.8ms)[0m   [0mSHOW FIELDS FROM `annotations`[0m
Completed in 8ms (View: 5, DB: 1) | 200 OK [http://localhost/annotations]
  [4;36;1mSQL (0.1ms)[0m   [0;1mSET NAMES 'utf8'[0m
  [4;35;1mSQL (0.2ms)[0m   [0mSET SQL_AUTO_IS_NULL=0[0m


Processing AnnotationsController#show (for 127.0.0.1 at 2010-07-05 21:05:20) [GET]
  Parameters: {"id"=>"1"}
  [4;36;1mAnnotation Columns (0.5ms)[0m   [0;1mSHOW FIELDS FROM `annotations`[0m
  [4;35;1mAnnotation Load (0.1ms)[0m   [0mSELECT * FROM `annotations` WHERE (`annotations`.`id` = 1) [0m
Rendering template within layouts/annotations
Rendering annotations/show
Completed in 11ms (View: 7, DB: 1) | 200 OK [http://localhost/annotations/1]
  [4;36;1mSQL (0.1ms)[0m   [0;1mSET NAMES 'utf8'[0m
  [4;35;1mSQL (0.0ms)[0m   [0mSET SQL_AUTO_IS_NULL=0[0m


Processing AnnotationsController#index (for 127.0.0.1 at 2010-07-05 21:16:20) [GET]
  [4;36;1mAnnotation Load (0.2ms)[0m   [0;1mSELECT * FROM `annotations` [0m
Rendering template within layouts/annotations
Rendering annotations/index
  [4;35;1mAnnotation Columns (0.4ms)[0m   [0mSHOW FIELDS FROM `annotations`[0m

ActionView::TemplateError (undefined method `css_selector' for #<Annotation:0x0000000448e378>) on line #12 of app/views/annotations/index.html.erb:
9: 
10: <% @annotations.each do |annotation| %>
11:   <tr>
12:     <td><%=h annotation.css_selector %></td>
13:     <td><%=h annotation.page_id %></td>
14:     <td><%=h annotation.label_id %></td>
15:     <td><%= link_to 'Show', annotation %></td>

    app/views/annotations/index.html.erb:12:in `block in _run_erb_app47views47annotations47index46html46erb'
    app/views/annotations/index.html.erb:10:in `each'
    app/views/annotations/index.html.erb:10
    app/controllers/annotations_controller.rb:7:in `index'
    <internal:prelude>:8:in `synchronize'
    /usr/lib/ruby/1.9.1/webrick/httpserver.rb:111:in `service'
    /usr/lib/ruby/1.9.1/webrick/httpserver.rb:70:in `run'
    /usr/lib/ruby/1.9.1/webrick/server.rb:183:in `block in start_thread'

Rendered rescues/_trace (52.5ms)
Rendered rescues/_request_and_response (0.9ms)
Rendering rescues/layout (internal_server_error)
  [4;36;1mSQL (0.1ms)[0m   [0;1mSET NAMES 'utf8'[0m
  [4;35;1mSQL (0.0ms)[0m   [0mSET SQL_AUTO_IS_NULL=0[0m


Processing AnnotationsController#index (for 127.0.0.1 at 2010-07-05 21:16:22) [GET]
  [4;36;1mAnnotation Load (0.2ms)[0m   [0;1mSELECT * FROM `annotations` [0m
Rendering template within layouts/annotations
Rendering annotations/index
  [4;35;1mAnnotation Columns (0.4ms)[0m   [0mSHOW FIELDS FROM `annotations`[0m

ActionView::TemplateError (undefined method `css_selector' for #<Annotation:0x0000000475c278>) on line #12 of app/views/annotations/index.html.erb:
9: 
10: <% @annotations.each do |annotation| %>
11:   <tr>
12:     <td><%=h annotation.css_selector %></td>
13:     <td><%=h annotation.page_id %></td>
14:     <td><%=h annotation.label_id %></td>
15:     <td><%= link_to 'Show', annotation %></td>

    app/views/annotations/index.html.erb:12:in `block in _run_erb_app47views47annotations47index46html46erb'
    app/views/annotations/index.html.erb:10:in `each'
    app/views/annotations/index.html.erb:10
    app/controllers/annotations_controller.rb:7:in `index'
    <internal:prelude>:8:in `synchronize'
    /usr/lib/ruby/1.9.1/webrick/httpserver.rb:111:in `service'
    /usr/lib/ruby/1.9.1/webrick/httpserver.rb:70:in `run'
    /usr/lib/ruby/1.9.1/webrick/server.rb:183:in `block in start_thread'

Rendered rescues/_trace (51.9ms)
Rendered rescues/_request_and_response (0.3ms)
Rendering rescues/layout (internal_server_error)
  [4;36;1mSQL (0.1ms)[0m   [0;1mSET NAMES 'utf8'[0m
  [4;35;1mSQL (0.1ms)[0m   [0mSET SQL_AUTO_IS_NULL=0[0m


Processing AnnotationsController#index (for 127.0.0.1 at 2010-07-05 21:17:25) [GET]
  [4;36;1mAnnotation Load (0.2ms)[0m   [0;1mSELECT * FROM `annotations` [0m
Rendering template within layouts/annotations
Rendering annotations/index
  [4;35;1mAnnotation Columns (0.4ms)[0m   [0mSHOW FIELDS FROM `annotations`[0m
Completed in 14ms (View: 11, DB: 1) | 200 OK [http://localhost/annotations]
  [4;36;1mSQL (0.1ms)[0m   [0;1mSET NAMES 'utf8'[0m
  [4;35;1mSQL (0.0ms)[0m   [0mSET SQL_AUTO_IS_NULL=0[0m


Processing AnnotationsController#index (for 127.0.0.1 at 2010-07-05 21:31:57) [GET]
  [4;36;1mAnnotation Load (0.3ms)[0m   [0;1mSELECT * FROM `annotations` [0m
Rendering template within layouts/annotations
Rendering annotations/index
  [4;35;1mAnnotation Columns (0.4ms)[0m   [0mSHOW FIELDS FROM `annotations`[0m
Completed in 8ms (View: 5, DB: 1) | 200 OK [http://localhost/annotations]
  [4;36;1mSQL (0.1ms)[0m   [0;1mSET NAMES 'utf8'[0m
  [4;35;1mSQL (0.0ms)[0m   [0mSET SQL_AUTO_IS_NULL=0[0m


Processing AnnotationsController#index (for 127.0.0.1 at 2010-07-05 21:31:59) [GET]
  [4;36;1mAnnotation Load (0.2ms)[0m   [0;1mSELECT * FROM `annotations` [0m
Rendering template within layouts/annotations
Rendering annotations/index
  [4;35;1mAnnotation Columns (0.4ms)[0m   [0mSHOW FIELDS FROM `annotations`[0m
Completed in 8ms (View: 5, DB: 1) | 200 OK [http://localhost/annotations]
  [4;36;1mSQL (0.1ms)[0m   [0;1mSET NAMES 'utf8'[0m
  [4;35;1mSQL (0.8ms)[0m   [0mSET SQL_AUTO_IS_NULL=0[0m


Processing AnnotationsController#index (for 127.0.0.1 at 2010-07-05 21:32:04) [GET]
  [4;36;1mAnnotation Load (0.2ms)[0m   [0;1mSELECT * FROM `annotations` [0m
Rendering template within layouts/annotations
Rendering annotations/index
  [4;35;1mAnnotation Columns (0.8ms)[0m   [0mSHOW FIELDS FROM `annotations`[0m
Completed in 8ms (View: 5, DB: 2) | 200 OK [http://localhost/annotations]
  [4;36;1mSQL (0.1ms)[0m   [0;1mSET NAMES 'utf8'[0m
  [4;35;1mSQL (0.0ms)[0m   [0mSET SQL_AUTO_IS_NULL=0[0m


Processing AnnotationsController#index (for 127.0.0.1 at 2010-07-05 21:32:05) [GET]
  [4;36;1mAnnotation Load (0.2ms)[0m   [0;1mSELECT * FROM `annotations` [0m
Rendering template within layouts/annotations
Rendering annotations/index
  [4;35;1mAnnotation Columns (0.4ms)[0m   [0mSHOW FIELDS FROM `annotations`[0m
Completed in 8ms (View: 5, DB: 1) | 200 OK [http://localhost/annotations]
  [4;36;1mSQL (0.1ms)[0m   [0;1mSET NAMES 'utf8'[0m
  [4;35;1mSQL (0.0ms)[0m   [0mSET SQL_AUTO_IS_NULL=0[0m


Processing AnnotationsController#index (for 127.0.0.1 at 2010-07-05 21:32:05) [GET]
  [4;36;1mAnnotation Load (0.2ms)[0m   [0;1mSELECT * FROM `annotations` [0m
Rendering template within layouts/annotations
Rendering annotations/index
  [4;35;1mAnnotation Columns (0.4ms)[0m   [0mSHOW FIELDS FROM `annotations`[0m
Completed in 8ms (View: 5, DB: 1) | 200 OK [http://localhost/annotations]
  [4;36;1mSQL (0.1ms)[0m   [0;1mSET NAMES 'utf8'[0m
  [4;35;1mSQL (0.0ms)[0m   [0mSET SQL_AUTO_IS_NULL=0[0m


Processing AnnotationsController#index (for 127.0.0.1 at 2010-07-05 21:32:05) [GET]
  [4;36;1mAnnotation Load (0.2ms)[0m   [0;1mSELECT * FROM `annotations` [0m
Rendering template within layouts/annotations
Rendering annotations/index
  [4;35;1mAnnotation Columns (0.5ms)[0m   [0mSHOW FIELDS FROM `annotations`[0m
Completed in 8ms (View: 5, DB: 1) | 200 OK [http://localhost/annotations]
  [4;36;1mSQL (0.1ms)[0m   [0;1mSET NAMES 'utf8'[0m
  [4;35;1mSQL (0.1ms)[0m   [0mSET SQL_AUTO_IS_NULL=0[0m


Processing AnnotationsController#index (for 127.0.0.1 at 2010-07-05 21:32:06) [GET]
  [4;36;1mAnnotation Load (0.2ms)[0m   [0;1mSELECT * FROM `annotations` [0m
Rendering template within layouts/annotations
Rendering annotations/index
  [4;35;1mAnnotation Columns (0.4ms)[0m   [0mSHOW FIELDS FROM `annotations`[0m
Completed in 8ms (View: 5, DB: 1) | 200 OK [http://localhost/annotations]
  [4;36;1mSQL (0.1ms)[0m   [0;1mSET NAMES 'utf8'[0m
  [4;35;1mSQL (0.0ms)[0m   [0mSET SQL_AUTO_IS_NULL=0[0m


Processing AnnotationsController#index (for 127.0.0.1 at 2010-07-05 21:32:06) [GET]
  [4;36;1mAnnotation Load (0.2ms)[0m   [0;1mSELECT * FROM `annotations` [0m
Rendering template within layouts/annotations
Rendering annotations/index
  [4;35;1mAnnotation Columns (0.4ms)[0m   [0mSHOW FIELDS FROM `annotations`[0m
Completed in 8ms (View: 5, DB: 1) | 200 OK [http://localhost/annotations]
  [4;36;1mSQL (0.1ms)[0m   [0;1mSET NAMES 'utf8'[0m
  [4;35;1mSQL (0.1ms)[0m   [0mSET SQL_AUTO_IS_NULL=0[0m


Processing AnnotationsController#index (for 127.0.0.1 at 2010-07-05 21:32:07) [GET]
  [4;36;1mAnnotation Load (0.2ms)[0m   [0;1mSELECT * FROM `annotations` [0m
Rendering template within layouts/annotations
Rendering annotations/index
  [4;35;1mAnnotation Columns (0.4ms)[0m   [0mSHOW FIELDS FROM `annotations`[0m
Completed in 8ms (View: 5, DB: 1) | 200 OK [http://localhost/annotations]
  [4;36;1mSQL (0.1ms)[0m   [0;1mSET NAMES 'utf8'[0m
  [4;35;1mSQL (0.2ms)[0m   [0mSET SQL_AUTO_IS_NULL=0[0m


Processing AnnotationsController#index (for 127.0.0.1 at 2010-07-05 21:32:31) [GET]
  [4;36;1mAnnotation Load (0.2ms)[0m   [0;1mSELECT * FROM `annotations` [0m
Rendering template within layouts/annotations
Rendering annotations/index
  [4;35;1mAnnotation Columns (0.4ms)[0m   [0mSHOW FIELDS FROM `annotations`[0m
Completed in 13ms (View: 10, DB: 1) | 200 OK [http://localhost/annotations]
  [4;36;1mSQL (0.1ms)[0m   [0;1mSET NAMES 'utf8'[0m
  [4;35;1mSQL (0.0ms)[0m   [0mSET SQL_AUTO_IS_NULL=0[0m


Processing BookmarkletController#index (for 127.0.0.1 at 2010-07-05 21:38:08) [GET]

ActionController::UnknownAction (No action responded to index. Actions: ):
  <internal:prelude>:8:in `synchronize'
  /usr/lib/ruby/1.9.1/webrick/httpserver.rb:111:in `service'
  /usr/lib/ruby/1.9.1/webrick/httpserver.rb:70:in `run'
  /usr/lib/ruby/1.9.1/webrick/server.rb:183:in `block in start_thread'

Rendering rescues/layout (not_found)
  [4;36;1mSQL (0.1ms)[0m   [0;1mSET NAMES 'utf8'[0m
  [4;35;1mSQL (0.1ms)[0m   [0mSET SQL_AUTO_IS_NULL=0[0m


Processing BookmarkletController#url (for 127.0.0.1 at 2010-07-05 22:16:48) [GET]
  [4;36;1mPage Columns (0.5ms)[0m   [0;1mSHOW FIELDS FROM `pages`[0m
Rendering {"page":{"created_at":null,"title":"Google","updated_at":null,"url":"http://www.google.com"}}

ActionView::MissingTemplate (Missing template {"page":{"created_at":null,"title":"Google","updated_at":null,"url":"http://www.google.com"}} in view path app/views):
  app/controllers/bookmarklet_controller.rb:6:in `url'
  <internal:prelude>:8:in `synchronize'
  /usr/lib/ruby/1.9.1/webrick/httpserver.rb:111:in `service'
  /usr/lib/ruby/1.9.1/webrick/httpserver.rb:70:in `run'
  /usr/lib/ruby/1.9.1/webrick/server.rb:183:in `block in start_thread'

Rendering rescues/layout (internal_server_error)
  [4;35;1mSQL (0.1ms)[0m   [0mSET NAMES 'utf8'[0m
  [4;36;1mSQL (0.1ms)[0m   [0;1mSET SQL_AUTO_IS_NULL=0[0m


Processing BookmarkletController#url (for 127.0.0.1 at 2010-07-05 22:19:21) [GET]
  [4;35;1mPage Columns (0.5ms)[0m   [0mSHOW FIELDS FROM `pages`[0m
Completed in 6ms (View: 1, DB: 1) | 200 OK [http://localhost/bookmarklet/url]
  [4;36;1mSQL (0.1ms)[0m   [0;1mSET NAMES 'utf8'[0m
  [4;35;1mSQL (0.1ms)[0m   [0mSET SQL_AUTO_IS_NULL=0[0m


Processing BookmarkletController#url (for 127.0.0.1 at 2010-07-05 22:19:41) [GET]
  [4;36;1mPage Columns (0.5ms)[0m   [0;1mSHOW FIELDS FROM `pages`[0m
Completed in 6ms (View: 0, DB: 1) | 200 OK [http://localhost/bookmarklet/url]
  [4;35;1mSQL (0.1ms)[0m   [0mSET NAMES 'utf8'[0m
  [4;36;1mSQL (0.1ms)[0m   [0;1mSET SQL_AUTO_IS_NULL=0[0m


Processing BookmarkletController#url (for 127.0.0.1 at 2010-07-05 22:20:15) [GET]
  Parameters: {"title"=>"Google", "url"=>"http://www.google.com"}
  [4;35;1mPage Columns (0.5ms)[0m   [0mSHOW FIELDS FROM `pages`[0m
Completed in 5ms (View: 0, DB: 1) | 200 OK [http://localhost/bookmarklet/url?title=Google&url=http://www.google.com]
  [4;36;1mSQL (0.1ms)[0m   [0;1mSET NAMES 'utf8'[0m
  [4;35;1mSQL (0.0ms)[0m   [0mSET SQL_AUTO_IS_NULL=0[0m


Processing BookmarkletController#url (for 127.0.0.1 at 2010-07-05 22:20:18) [GET]
  Parameters: {"title"=>"Google", "url"=>"http://www.google.com"}
  [4;36;1mPage Columns (0.5ms)[0m   [0;1mSHOW FIELDS FROM `pages`[0m
Completed in 5ms (View: 0, DB: 1) | 200 OK [http://localhost/bookmarklet/url?title=Google&url=http://www.google.com]
  [4;35;1mSQL (0.3ms)[0m   [0mSET NAMES 'utf8'[0m
  [4;36;1mSQL (0.0ms)[0m   [0;1mSET SQL_AUTO_IS_NULL=0[0m


Processing BookmarkletController#url (for 127.0.0.1 at 2010-07-05 22:20:33) [GET]
  Parameters: {"page"=>{"title"=>"Google", "url"=>"http://www.google.com"}}
  [4;35;1mPage Columns (0.5ms)[0m   [0mSHOW FIELDS FROM `pages`[0m
Completed in 6ms (View: 0, DB: 1) | 200 OK [http://localhost/bookmarklet/url?page[title]=Google&page[url]=http://www.google.com]
  [4;36;1mSQL (0.1ms)[0m   [0;1mSET NAMES 'utf8'[0m
  [4;35;1mSQL (0.1ms)[0m   [0mSET SQL_AUTO_IS_NULL=0[0m


Processing BookmarkletController#url (for 127.0.0.1 at 2010-07-05 22:22:44) [GET]
  Parameters: {"page"=>{"title"=>"Google", "url"=>"http://www.google.com"}}
  [4;36;1mPage Columns (0.5ms)[0m   [0;1mSHOW FIELDS FROM `pages`[0m
  [4;35;1mSQL (0.0ms)[0m   [0mBEGIN[0m
  [4;36;1mPage Create (0.2ms)[0m   [0;1mINSERT INTO `pages` (`title`, `url`, `created_at`, `updated_at`) VALUES('Google', 'http://www.google.com', '2010-07-05 14:22:44', '2010-07-05 14:22:44')[0m
  [4;35;1mSQL (8.3ms)[0m   [0mCOMMIT[0m
Completed in 59ms (View: 1, DB: 9) | 200 OK [http://localhost/bookmarklet/url?page[title]=Google&page[url]=http://www.google.com]
  [4;36;1mSQL (0.1ms)[0m   [0;1mSET NAMES 'utf8'[0m
  [4;35;1mSQL (0.2ms)[0m   [0mSET SQL_AUTO_IS_NULL=0[0m


Processing BookmarkletController#url (for 127.0.0.1 at 2010-07-05 22:26:59) [GET]
  Parameters: {"page"=>{"title"=>"Google", "url"=>"http://www.google.com"}}

ActionController::UnknownAction (No action responded to url. Actions: page):
  <internal:prelude>:8:in `synchronize'
  /usr/lib/ruby/1.9.1/webrick/httpserver.rb:111:in `service'
  /usr/lib/ruby/1.9.1/webrick/httpserver.rb:70:in `run'
  /usr/lib/ruby/1.9.1/webrick/server.rb:183:in `block in start_thread'

Rendering rescues/layout (not_found)
  [4;36;1mSQL (0.6ms)[0m   [0;1mSET NAMES 'utf8'[0m
  [4;35;1mSQL (0.1ms)[0m   [0mSET SQL_AUTO_IS_NULL=0[0m


Processing BookmarkletController#page (for 127.0.0.1 at 2010-07-05 22:27:05) [GET]
  Parameters: {"page"=>{"title"=>"Google", "url"=>"http://www.google.com"}}
  [4;36;1mPage Columns (0.7ms)[0m   [0;1mSHOW FIELDS FROM `pages`[0m
  [4;35;1mPage Load (0.2ms)[0m   [0mSELECT * FROM `pages` WHERE (`pages`.`url` = 'http://www.google.com') LIMIT 1[0m
Completed in 7ms (View: 1, DB: 2) | 200 OK [http://localhost/bookmarklet/page?page[title]=Google&page[url]=http://www.google.com]
  [4;36;1mSQL (0.1ms)[0m   [0;1mSET NAMES 'utf8'[0m
  [4;35;1mSQL (0.0ms)[0m   [0mSET SQL_AUTO_IS_NULL=0[0m


Processing BookmarkletController#page (for 127.0.0.1 at 2010-07-05 22:27:09) [GET]
  Parameters: {"page"=>{"title"=>"Google", "url"=>"http://www.google.coasdfm"}}
  [4;36;1mPage Columns (0.5ms)[0m   [0;1mSHOW FIELDS FROM `pages`[0m
  [4;35;1mPage Load (0.1ms)[0m   [0mSELECT * FROM `pages` WHERE (`pages`.`url` = 'http://www.google.coasdfm') LIMIT 1[0m
Completed in 5ms (View: 0, DB: 1) | 200 OK [http://localhost/bookmarklet/page?page[title]=Google&page[url]=http://www.google.coasdfm]
  [4;36;1mSQL (0.1ms)[0m   [0;1mSET NAMES 'utf8'[0m
  [4;35;1mSQL (0.0ms)[0m   [0mSET SQL_AUTO_IS_NULL=0[0m


Processing BookmarkletController#page (for 127.0.0.1 at 2010-07-05 22:29:12) [GET]
  Parameters: {"page"=>{"title"=>"Google", "url"=>"http://www.google.coasdfm"}}
  [4;36;1mPage Columns (0.5ms)[0m   [0;1mSHOW FIELDS FROM `pages`[0m
  [4;35;1mPage Load (0.2ms)[0m   [0mSELECT * FROM `pages` WHERE (`pages`.`url` = 'http://www.google.coasdfm') LIMIT 1[0m
  [4;36;1mSQL (0.0ms)[0m   [0;1mBEGIN[0m
  [4;35;1mPage Create (0.1ms)[0m   [0mINSERT INTO `pages` (`title`, `url`, `created_at`, `updated_at`) VALUES('Google', 'http://www.google.coasdfm', '2010-07-05 14:29:12', '2010-07-05 14:29:12')[0m
  [4;36;1mSQL (8.4ms)[0m   [0;1mCOMMIT[0m
Completed in 16ms (View: 1, DB: 9) | 200 OK [http://localhost/bookmarklet/page?page[title]=Google&page[url]=http://www.google.coasdfm]
  [4;35;1mSQL (0.1ms)[0m   [0mSET NAMES 'utf8'[0m
  [4;36;1mSQL (0.0ms)[0m   [0;1mSET SQL_AUTO_IS_NULL=0[0m


Processing BookmarkletController#page (for 127.0.0.1 at 2010-07-05 22:29:20) [GET]
  Parameters: {"page"=>{"title"=>"Google", "url"=>"http://www.google.com"}}
  [4;35;1mPage Columns (0.5ms)[0m   [0mSHOW FIELDS FROM `pages`[0m
  [4;36;1mPage Load (0.2ms)[0m   [0;1mSELECT * FROM `pages` WHERE (`pages`.`url` = 'http://www.google.com') LIMIT 1[0m
Completed in 7ms (View: 0, DB: 1) | 200 OK [http://localhost/bookmarklet/page?page[title]=Google&page[url]=http://www.google.com]
  [4;35;1mSQL (0.1ms)[0m   [0mSET NAMES 'utf8'[0m
  [4;36;1mSQL (0.1ms)[0m   [0;1mSET SQL_AUTO_IS_NULL=0[0m


Processing BookmarkletController#page (for 127.0.0.1 at 2010-07-05 22:29:23) [GET]
  Parameters: {"page"=>{"title"=>"Google", "url"=>"http://www.google.co"}}
  [4;35;1mPage Columns (0.6ms)[0m   [0mSHOW FIELDS FROM `pages`[0m
  [4;36;1mPage Load (0.2ms)[0m   [0;1mSELECT * FROM `pages` WHERE (`pages`.`url` = 'http://www.google.co') LIMIT 1[0m
  [4;35;1mSQL (0.0ms)[0m   [0mBEGIN[0m
  [4;36;1mPage Create (0.1ms)[0m   [0;1mINSERT INTO `pages` (`title`, `url`, `created_at`, `updated_at`) VALUES('Google', 'http://www.google.co', '2010-07-05 14:29:23', '2010-07-05 14:29:23')[0m
  [4;35;1mSQL (8.5ms)[0m   [0mCOMMIT[0m
Completed in 17ms (View: 0, DB: 10) | 200 OK [http://localhost/bookmarklet/page?page[title]=Google&page[url]=http://www.google.co]
  [4;36;1mSQL (0.1ms)[0m   [0;1mSET NAMES 'utf8'[0m
  [4;35;1mSQL (0.1ms)[0m   [0mSET SQL_AUTO_IS_NULL=0[0m


Processing PagesController#index (for 127.0.0.1 at 2010-07-05 22:29:43) [GET]
  [4;36;1mPage Load (0.2ms)[0m   [0;1mSELECT * FROM `pages` [0m
Rendering template within layouts/pages
Rendering pages/index
  [4;35;1mPage Columns (0.5ms)[0m   [0mSHOW FIELDS FROM `pages`[0m
Completed in 10ms (View: 5, DB: 1) | 200 OK [http://localhost/pages]
